<?xml version="1.0" encoding="UTF-8"?>
<testng-results skipped="0" failed="0" total="1" passed="1">
  <reporter-output>
  </reporter-output>
  <suite name="Default suite" duration-ms="10768" started-at="2017-12-29T17:12:31Z" finished-at="2017-12-29T17:12:42Z">
    <groups>
    </groups>
    <test name="Default test" duration-ms="10768" started-at="2017-12-29T17:12:31Z" finished-at="2017-12-29T17:12:42Z">
      <class name="testcase.UsingSauceLabsLoginFunctionality">
        <test-method status="PASS" signature="startWebDriver()[pri:0, instance:testcase.UsingSauceLabsLoginFunctionality@843fce]" name="startWebDriver" is-config="true" duration-ms="2686" started-at="2017-12-29T12:12:31Z" finished-at="2017-12-29T12:12:34Z">
          <reporter-output>
          </reporter-output>
        </test-method> <!-- startWebDriver -->
        <test-method status="PASS" signature="testcase()[pri:0, instance:testcase.UsingSauceLabsLoginFunctionality@843fce]" name="testcase" duration-ms="8058" started-at="2017-12-29T12:12:34Z" finished-at="2017-12-29T12:12:42Z">
          <reporter-output>
          </reporter-output>
        </test-method> <!-- testcase -->
        <test-method status="PASS" signature="stopWebDriver()[pri:0, instance:testcase.UsingSauceLabsLoginFunctionality@843fce]" name="stopWebDriver" is-config="true" duration-ms="2" started-at="2017-12-29T12:12:42Z" finished-at="2017-12-29T12:12:42Z">
          <reporter-output>
          </reporter-output>
        </test-method> <!-- stopWebDriver -->
      </class> <!-- testcase.UsingSauceLabsLoginFunctionality -->
    </test> <!-- Default test -->
  </suite> <!-- Default suite -->
</testng-results>
